array (
  0 => 
  array (
    'name' => 'CRS-TASLCC &#8211; The Art and Science of Laundering Clothing Course',
    'id' => '3134',
    'item_number' => 
    array (
      'id' => '3134',
      'options' => 
      array (
      ),
      'quantity' => 1,
    ),
    'item_price' => 150,
    'quantity' => 1,
    'discount' => 0,
    'subtotal' => 150,
    'tax' => 0,
    'fees' => 
    array (
    ),
    'price' => 150,
  ),
)array (
  0 => 
  array (
    'name' => 'CRS-CLM &#8211; How to Become a Celebrity’s Lady’s Maid',
    'id' => 3293,
    'item_number' => 
    array (
      'id' => 3293,
      'options' => 
      array (
      ),
      'quantity' => 1,
    ),
    'item_price' => 150,
    'quantity' => 1,
    'discount' => 0,
    'subtotal' => 150,
    'tax' => 0,
    'fees' => 
    array (
    ),
    'price' => 150,
  ),
)
Payment_Id =  8306